<?xml version="1.0" encoding="utf-8" standalone="no"?>
<!--This file represents the results of running a test suite-->
<test-results name="E:\dinrus\CSharp\BestCSDB\DbConsole\Project1.nunit" total="0" errors="0" failures="0" not-run="0" inconclusive="0" ignored="0" skipped="0" invalid="0" date="2015-09-16" time="20:18:27">
  <environment nunit-version="2.6.4.14350" clr-version="2.0.50727.8009" os-version="Microsoft Windows NT 6.2.9200.0" platform="Win32NT" cwd="e:\dinrus\CSharp\NUnit" machine-name="ENERGON" user="vital_000" user-domain="ENERGON" />
  <culture-info current-culture="ru-RU" current-uiculture="ru-RU" />
  <test-suite type="Project" name="E:\dinrus\CSharp\BestCSDB\DbConsole\Project1.nunit" executed="True" result="Inconclusive" success="False" time="0.047" asserts="0">
    <results>
      <test-suite type="Assembly" name="E:\dinrus\CSharp\BestCSDB\bin\Debug\DbConsole.exe" executed="True" result="Inconclusive" success="False" time="0.005" asserts="0" />
    </results>
  </test-suite>
</test-results>